Using pre-set license
Built from '2020.3/staging' branch; Version is '2020.3.9f1 (108be757e447) revision 1084391'; Using compiler version '192528614'; Build Type 'Release'
OS: 'Windows 10 Home; OS build 19042.985; Version 2009; 64bit' Language: 'ja' Physical Memory: 14269 MB
BatchMode: 1, IsHumanControllingUs: 0, StartBugReporterOnCrash: 0, Is64bit: 1, IsPro: 0

 COMMAND LINE ARGUMENTS:
C:\Program Files\Unity\Hub\Editor\2020.3.9f1\Editor\Unity.exe
-adb2
-batchMode
-noUpm
-name
AssetImportWorker0
-projectPath
C:/Users/kumomomo/Studying/Typing/Typing
-logFile
Logs/AssetImportWorker0.log
-srvPort
64684
Successfully changed project path to: C:/Users/kumomomo/Studying/Typing/Typing
C:/Users/kumomomo/Studying/Typing/Typing
Using Asset Import Pipeline V2.
Refreshing native plugins compatible for Editor in 43.10 ms, found 1 plugins.
Preloading 0 native plugins for Editor in 0.00 ms.
Initialize engine version: 2020.3.9f1 (108be757e447)
[Subsystems] Discovering subsystems at path C:/Program Files/Unity/Hub/Editor/2020.3.9f1/Editor/Data/Resources/UnitySubsystems
[Subsystems] Discovering subsystems at path C:/Users/kumomomo/Studying/Typing/Typing/Assets
GfxDevice: creating device client; threaded=0
Direct3D:
    Version:  Direct3D 11.0 [level 11.1]
    Renderer: AMD Radeon(TM) RX Vega 11 Graphics (ID=0x15d8)
    Vendor:   
    VRAM:     7134 MB
    Driver:   26.20.14046.3
Initialize mono
Mono path[0] = 'C:/Program Files/Unity/Hub/Editor/2020.3.9f1/Editor/Data/Managed'
Mono path[1] = 'C:/Program Files/Unity/Hub/Editor/2020.3.9f1/Editor/Data/MonoBleedingEdge/lib/mono/unityjit'
Mono config path = 'C:/Program Files/Unity/Hub/Editor/2020.3.9f1/Editor/Data/MonoBleedingEdge/etc'
Using monoOptions --debugger-agent=transport=dt_socket,embedding=1,server=y,suspend=n,address=127.0.0.1:56820
Begin MonoManager ReloadAssembly
Registering precompiled unity dll's ...
Register platform support module: C:/Program Files/Unity/Hub/Editor/2020.3.9f1/Editor/Data/PlaybackEngines/WebGLSupport/UnityEditor.WebGL.Extensions.dll
Register platform support module: C:/Program Files/Unity/Hub/Editor/2020.3.9f1/Editor/Data/PlaybackEngines/WindowsStandaloneSupport/UnityEditor.WindowsStandalone.Extensions.dll
Registered in 0.004620 seconds.
Native extension for WindowsStandalone target not found
Native extension for WebGL target not found
Refreshing native plugins compatible for Editor in 46.38 ms, found 1 plugins.
Preloading 0 native plugins for Editor in 0.00 ms.
Mono: successfully reloaded assembly
- Completed reload, in  1.808 seconds
Platform modules already initialized, skipping
Registering precompiled user dll's ...
Registered in 0.001298 seconds.
Begin MonoManager ReloadAssembly
Native extension for WindowsStandalone target not found
Native extension for WebGL target not found
Refreshing native plugins compatible for Editor in 91.28 ms, found 1 plugins.
Preloading 0 native plugins for Editor in 0.00 ms.
Mono: successfully reloaded assembly
- Completed reload, in  2.120 seconds
Platform modules already initialized, skipping
========================================================================
Worker process is ready to serve import requests
Launched and connected shader compiler UnityShaderCompiler.exe after 0.14 seconds
Refreshing native plugins compatible for Editor in 1.04 ms, found 1 plugins.
Preloading 0 native plugins for Editor in 0.00 ms.
Unloading 1811 Unused Serialized files (Serialized files now loaded: 0)
System memory in use before: 85.0 MB.
System memory in use after: 84.9 MB.

Unloading 24 unused Assets to reduce memory usage. Loaded Objects now: 2254.
Total: 5.483600 ms (FindLiveObjects: 0.496100 ms CreateObjectMapping: 0.235000 ms MarkObjects: 4.540000 ms  DeleteObjects: 0.209700 ms)

========================================================================
Received Import Request.
  path: Assets/Script/OutputText.cs
  artifactKey: Guid(23568c993eb611f4184c0fee2154bbf9) Importer(815301076,1909f56bfc062723c751e8b465ee728b)
Start importing Assets/Script/OutputText.cs using Guid(23568c993eb611f4184c0fee2154bbf9) Importer(815301076,1909f56bfc062723c751e8b465ee728b)  -> (artifact id: 'e31034c0b08ca032df4589d82ef8ffd4') in 0.067038 seconds
  Import took 0.073465 seconds .

========================================================================
Received Prepare
Registering precompiled user dll's ...
Registered in 0.001165 seconds.
Begin MonoManager ReloadAssembly
Native extension for WindowsStandalone target not found
Native extension for WebGL target not found
Refreshing native plugins compatible for Editor in 0.46 ms, found 1 plugins.
Preloading 0 native plugins for Editor in 0.00 ms.
Mono: successfully reloaded assembly
- Completed reload, in  1.389 seconds
Platform modules already initialized, skipping
Refreshing native plugins compatible for Editor in 0.63 ms, found 1 plugins.
Preloading 0 native plugins for Editor in 0.00 ms.
Unloading 1806 Unused Serialized files (Serialized files now loaded: 0)
System memory in use before: 84.9 MB.
System memory in use after: 84.9 MB.

Unloading 12 unused Assets to reduce memory usage. Loaded Objects now: 2258.
Total: 4.147800 ms (FindLiveObjects: 0.324800 ms CreateObjectMapping: 0.072900 ms MarkObjects: 3.514500 ms  DeleteObjects: 0.233000 ms)

========================================================================
Received Import Request.
  Time since last request: 137.580062 seconds.
  path: Assets/Script/OutputText.cs
  artifactKey: Guid(23568c993eb611f4184c0fee2154bbf9) Importer(815301076,1909f56bfc062723c751e8b465ee728b)
Start importing Assets/Script/OutputText.cs using Guid(23568c993eb611f4184c0fee2154bbf9) Importer(815301076,1909f56bfc062723c751e8b465ee728b)  -> (artifact id: '33d60fcce84d29081c526be5946d38dc') in 0.018444 seconds
  Import took 0.023180 seconds .

========================================================================
Received Import Request.
  Time since last request: 0.041689 seconds.
  path: Assets/Script/OutputText.cs
  artifactKey: Guid(23568c993eb611f4184c0fee2154bbf9) Importer(815301076,1909f56bfc062723c751e8b465ee728b)
Start importing Assets/Script/OutputText.cs using Guid(23568c993eb611f4184c0fee2154bbf9) Importer(815301076,1909f56bfc062723c751e8b465ee728b)  -> (artifact id: '33d60fcce84d29081c526be5946d38dc') in 0.004884 seconds
  Import took 0.007868 seconds .

========================================================================
Received Prepare
Registering precompiled user dll's ...
Registered in 0.001203 seconds.
Begin MonoManager ReloadAssembly
Native extension for WindowsStandalone target not found
Native extension for WebGL target not found
Refreshing native plugins compatible for Editor in 0.40 ms, found 1 plugins.
Preloading 0 native plugins for Editor in 0.00 ms.
Mono: successfully reloaded assembly
- Completed reload, in  1.192 seconds
Platform modules already initialized, skipping
Refreshing native plugins compatible for Editor in 0.39 ms, found 1 plugins.
Preloading 0 native plugins for Editor in 0.00 ms.
Unloading 1806 Unused Serialized files (Serialized files now loaded: 0)
System memory in use before: 85.0 MB.
System memory in use after: 85.0 MB.

Unloading 12 unused Assets to reduce memory usage. Loaded Objects now: 2262.
Total: 2.443600 ms (FindLiveObjects: 0.207500 ms CreateObjectMapping: 0.043200 ms MarkObjects: 2.061700 ms  DeleteObjects: 0.129800 ms)

========================================================================
Received Import Request.
  Time since last request: 94.355942 seconds.
  path: Assets/Script/OutputText.cs
  artifactKey: Guid(23568c993eb611f4184c0fee2154bbf9) Importer(815301076,1909f56bfc062723c751e8b465ee728b)
Start importing Assets/Script/OutputText.cs using Guid(23568c993eb611f4184c0fee2154bbf9) Importer(815301076,1909f56bfc062723c751e8b465ee728b)  -> (artifact id: '038972088dfdaa3885981af0d04afef6') in 0.007947 seconds
  Import took 0.010996 seconds .

========================================================================
Received Prepare
Registering precompiled user dll's ...
Registered in 0.001756 seconds.
Begin MonoManager ReloadAssembly
Native extension for WindowsStandalone target not found
Native extension for WebGL target not found
Refreshing native plugins compatible for Editor in 0.55 ms, found 1 plugins.
Preloading 0 native plugins for Editor in 0.00 ms.
Mono: successfully reloaded assembly
- Completed reload, in  1.302 seconds
Platform modules already initialized, skipping
Refreshing native plugins compatible for Editor in 0.45 ms, found 1 plugins.
Preloading 0 native plugins for Editor in 0.00 ms.
Unloading 1806 Unused Serialized files (Serialized files now loaded: 0)
System memory in use before: 85.0 MB.
System memory in use after: 85.0 MB.

Unloading 12 unused Assets to reduce memory usage. Loaded Objects now: 2266.
Total: 2.668600 ms (FindLiveObjects: 0.245100 ms CreateObjectMapping: 0.054300 ms MarkObjects: 2.225800 ms  DeleteObjects: 0.141900 ms)

========================================================================
Received Import Request.
  Time since last request: 38.581642 seconds.
  path: Assets/Script/OutputText.cs
  artifactKey: Guid(23568c993eb611f4184c0fee2154bbf9) Importer(815301076,1909f56bfc062723c751e8b465ee728b)
Start importing Assets/Script/OutputText.cs using Guid(23568c993eb611f4184c0fee2154bbf9) Importer(815301076,1909f56bfc062723c751e8b465ee728b)  -> (artifact id: '7d7faf378340fbfe98dac1e56e9afb09') in 0.008334 seconds
  Import took 0.011779 seconds .

========================================================================
Received Prepare
Registering precompiled user dll's ...
Registered in 0.002527 seconds.
Begin MonoManager ReloadAssembly
Native extension for WindowsStandalone target not found
Native extension for WebGL target not found
Refreshing native plugins compatible for Editor in 0.84 ms, found 1 plugins.
Preloading 0 native plugins for Editor in 0.00 ms.
Mono: successfully reloaded assembly
- Completed reload, in  1.242 seconds
Platform modules already initialized, skipping
Refreshing native plugins compatible for Editor in 0.41 ms, found 1 plugins.
Preloading 0 native plugins for Editor in 0.00 ms.
Unloading 1806 Unused Serialized files (Serialized files now loaded: 0)
System memory in use before: 85.0 MB.
System memory in use after: 85.0 MB.

Unloading 12 unused Assets to reduce memory usage. Loaded Objects now: 2270.
Total: 4.225800 ms (FindLiveObjects: 0.473100 ms CreateObjectMapping: 0.061400 ms MarkObjects: 3.393000 ms  DeleteObjects: 0.294400 ms)

========================================================================
Received Import Request.
  Time since last request: 93.906491 seconds.
  path: Assets/Script/OutputText.cs
  artifactKey: Guid(23568c993eb611f4184c0fee2154bbf9) Importer(815301076,1909f56bfc062723c751e8b465ee728b)
Start importing Assets/Script/OutputText.cs using Guid(23568c993eb611f4184c0fee2154bbf9) Importer(815301076,1909f56bfc062723c751e8b465ee728b)  -> (artifact id: 'a278de8bc9c0026a6b8eee7c67bfd98d') in 0.009614 seconds
  Import took 0.013741 seconds .

========================================================================
Received Prepare
Registering precompiled user dll's ...
Registered in 0.001159 seconds.
Begin MonoManager ReloadAssembly
Native extension for WindowsStandalone target not found
Native extension for WebGL target not found
Refreshing native plugins compatible for Editor in 0.70 ms, found 1 plugins.
Preloading 0 native plugins for Editor in 0.00 ms.
Mono: successfully reloaded assembly
- Completed reload, in  1.325 seconds
Platform modules already initialized, skipping
Refreshing native plugins compatible for Editor in 0.89 ms, found 1 plugins.
Preloading 0 native plugins for Editor in 0.00 ms.
Unloading 1806 Unused Serialized files (Serialized files now loaded: 0)
System memory in use before: 85.0 MB.
System memory in use after: 85.0 MB.

Unloading 12 unused Assets to reduce memory usage. Loaded Objects now: 2274.
Total: 3.227800 ms (FindLiveObjects: 0.247400 ms CreateObjectMapping: 0.062300 ms MarkObjects: 2.673700 ms  DeleteObjects: 0.242500 ms)

========================================================================
Received Import Request.
  Time since last request: 58.569034 seconds.
  path: Assets/Script/OutputText.cs
  artifactKey: Guid(23568c993eb611f4184c0fee2154bbf9) Importer(815301076,1909f56bfc062723c751e8b465ee728b)
Start importing Assets/Script/OutputText.cs using Guid(23568c993eb611f4184c0fee2154bbf9) Importer(815301076,1909f56bfc062723c751e8b465ee728b)  -> (artifact id: '05082dd869aedb200369be80323071c1') in 0.011136 seconds
  Import took 0.015649 seconds .

========================================================================
Received Import Request.
  Time since last request: 0.002833 seconds.
  path: Assets/Script/OutputText.cs
  artifactKey: Guid(23568c993eb611f4184c0fee2154bbf9) Importer(815301076,1909f56bfc062723c751e8b465ee728b)
Start importing Assets/Script/OutputText.cs using Guid(23568c993eb611f4184c0fee2154bbf9) Importer(815301076,1909f56bfc062723c751e8b465ee728b)  -> (artifact id: '05082dd869aedb200369be80323071c1') in 0.004540 seconds
  Import took 0.008676 seconds .

========================================================================
Received Prepare
Registering precompiled user dll's ...
Registered in 0.001435 seconds.
Begin MonoManager ReloadAssembly
Native extension for WindowsStandalone target not found
Native extension for WebGL target not found
Refreshing native plugins compatible for Editor in 0.63 ms, found 1 plugins.
Preloading 0 native plugins for Editor in 0.00 ms.
Mono: successfully reloaded assembly
- Completed reload, in  1.199 seconds
Platform modules already initialized, skipping
Refreshing native plugins compatible for Editor in 0.47 ms, found 1 plugins.
Preloading 0 native plugins for Editor in 0.00 ms.
Unloading 1806 Unused Serialized files (Serialized files now loaded: 0)
System memory in use before: 85.0 MB.
System memory in use after: 85.0 MB.

Unloading 12 unused Assets to reduce memory usage. Loaded Objects now: 2278.
Total: 3.039600 ms (FindLiveObjects: 0.383400 ms CreateObjectMapping: 0.125300 ms MarkObjects: 2.374600 ms  DeleteObjects: 0.154500 ms)

========================================================================
Received Import Request.
  Time since last request: 56.224753 seconds.
  path: Assets/Script/OutputText.cs
  artifactKey: Guid(23568c993eb611f4184c0fee2154bbf9) Importer(815301076,1909f56bfc062723c751e8b465ee728b)
Start importing Assets/Script/OutputText.cs using Guid(23568c993eb611f4184c0fee2154bbf9) Importer(815301076,1909f56bfc062723c751e8b465ee728b)  -> (artifact id: 'da3676ed7884c0289385ae1455accfa5') in 0.008956 seconds
  Import took 0.012586 seconds .

========================================================================
Received Prepare
Registering precompiled user dll's ...
Registered in 0.001534 seconds.
Begin MonoManager ReloadAssembly
Native extension for WindowsStandalone target not found
Native extension for WebGL target not found
Refreshing native plugins compatible for Editor in 0.41 ms, found 1 plugins.
Preloading 0 native plugins for Editor in 0.00 ms.
Mono: successfully reloaded assembly
- Completed reload, in  1.170 seconds
Platform modules already initialized, skipping
Refreshing native plugins compatible for Editor in 0.80 ms, found 1 plugins.
Preloading 0 native plugins for Editor in 0.00 ms.
Unloading 1806 Unused Serialized files (Serialized files now loaded: 0)
System memory in use before: 85.1 MB.
System memory in use after: 85.0 MB.

Unloading 12 unused Assets to reduce memory usage. Loaded Objects now: 2282.
Total: 2.767500 ms (FindLiveObjects: 0.244400 ms CreateObjectMapping: 0.051500 ms MarkObjects: 2.238700 ms  DeleteObjects: 0.231300 ms)

========================================================================
Received Prepare
Registering precompiled user dll's ...
Registered in 0.001322 seconds.
Begin MonoManager ReloadAssembly
Native extension for WindowsStandalone target not found
Native extension for WebGL target not found
Refreshing native plugins compatible for Editor in 0.50 ms, found 1 plugins.
Preloading 0 native plugins for Editor in 0.00 ms.
Mono: successfully reloaded assembly
- Completed reload, in  1.203 seconds
Platform modules already initialized, skipping
Refreshing native plugins compatible for Editor in 0.47 ms, found 1 plugins.
Preloading 0 native plugins for Editor in 0.00 ms.
Unloading 1806 Unused Serialized files (Serialized files now loaded: 0)
System memory in use before: 85.1 MB.
System memory in use after: 85.0 MB.

Unloading 12 unused Assets to reduce memory usage. Loaded Objects now: 2286.
Total: 2.620800 ms (FindLiveObjects: 0.382700 ms CreateObjectMapping: 0.058100 ms MarkObjects: 2.016800 ms  DeleteObjects: 0.161000 ms)

========================================================================
Received Import Request.
  Time since last request: 651.392592 seconds.
  path: Assets/Script/OutputText.cs
  artifactKey: Guid(23568c993eb611f4184c0fee2154bbf9) Importer(815301076,1909f56bfc062723c751e8b465ee728b)
Start importing Assets/Script/OutputText.cs using Guid(23568c993eb611f4184c0fee2154bbf9) Importer(815301076,1909f56bfc062723c751e8b465ee728b)  -> (artifact id: '6bc9dc85983860669a750c0df7eaf4ec') in 0.007335 seconds
  Import took 0.010913 seconds .

========================================================================
Received Prepare
Registering precompiled user dll's ...
Registered in 0.002225 seconds.
Begin MonoManager ReloadAssembly
Native extension for WindowsStandalone target not found
Native extension for WebGL target not found
Refreshing native plugins compatible for Editor in 0.44 ms, found 1 plugins.
Preloading 0 native plugins for Editor in 0.00 ms.
Mono: successfully reloaded assembly
- Completed reload, in  1.124 seconds
Platform modules already initialized, skipping
Refreshing native plugins compatible for Editor in 0.43 ms, found 1 plugins.
Preloading 0 native plugins for Editor in 0.00 ms.
Unloading 1806 Unused Serialized files (Serialized files now loaded: 0)
System memory in use before: 85.1 MB.
System memory in use after: 85.1 MB.

Unloading 12 unused Assets to reduce memory usage. Loaded Objects now: 2290.
Total: 2.879500 ms (FindLiveObjects: 0.297100 ms CreateObjectMapping: 0.088100 ms MarkObjects: 2.328100 ms  DeleteObjects: 0.163900 ms)

========================================================================
Received Prepare
Registering precompiled user dll's ...
Registered in 0.001749 seconds.
Begin MonoManager ReloadAssembly
Native extension for WindowsStandalone target not found
Native extension for WebGL target not found
Refreshing native plugins compatible for Editor in 0.48 ms, found 1 plugins.
Preloading 0 native plugins for Editor in 0.00 ms.
Mono: successfully reloaded assembly
- Completed reload, in  1.417 seconds
Platform modules already initialized, skipping
Refreshing native plugins compatible for Editor in 0.43 ms, found 1 plugins.
Preloading 0 native plugins for Editor in 0.00 ms.
Unloading 1806 Unused Serialized files (Serialized files now loaded: 0)
System memory in use before: 85.1 MB.
System memory in use after: 85.1 MB.

Unloading 12 unused Assets to reduce memory usage. Loaded Objects now: 2294.
Total: 2.848400 ms (FindLiveObjects: 0.268000 ms CreateObjectMapping: 0.063900 ms MarkObjects: 2.370500 ms  DeleteObjects: 0.143700 ms)

========================================================================
Received Import Request.
  Time since last request: 165.295202 seconds.
  path: Assets/Script/OutputText.cs
  artifactKey: Guid(23568c993eb611f4184c0fee2154bbf9) Importer(815301076,1909f56bfc062723c751e8b465ee728b)
Start importing Assets/Script/OutputText.cs using Guid(23568c993eb611f4184c0fee2154bbf9) Importer(815301076,1909f56bfc062723c751e8b465ee728b)  -> (artifact id: '0f6c5a8f147707e3f61e66ec09e411c4') in 0.007404 seconds
  Import took 0.010747 seconds .

========================================================================
Received Prepare
Registering precompiled user dll's ...
Registered in 0.002454 seconds.
Begin MonoManager ReloadAssembly
Native extension for WindowsStandalone target not found
Native extension for WebGL target not found
Refreshing native plugins compatible for Editor in 0.90 ms, found 1 plugins.
Preloading 0 native plugins for Editor in 0.00 ms.
Mono: successfully reloaded assembly
- Completed reload, in  1.260 seconds
Platform modules already initialized, skipping
Refreshing native plugins compatible for Editor in 0.59 ms, found 1 plugins.
Preloading 0 native plugins for Editor in 0.00 ms.
Unloading 1806 Unused Serialized files (Serialized files now loaded: 0)
System memory in use before: 85.1 MB.
System memory in use after: 85.1 MB.

Unloading 12 unused Assets to reduce memory usage. Loaded Objects now: 2298.
Total: 3.265900 ms (FindLiveObjects: 0.252900 ms CreateObjectMapping: 0.084500 ms MarkObjects: 2.792700 ms  DeleteObjects: 0.134200 ms)

========================================================================
Received Import Request.
  Time since last request: 113.883872 seconds.
  path: Assets/Script/OutputText.cs
  artifactKey: Guid(23568c993eb611f4184c0fee2154bbf9) Importer(815301076,1909f56bfc062723c751e8b465ee728b)
Start importing Assets/Script/OutputText.cs using Guid(23568c993eb611f4184c0fee2154bbf9) Importer(815301076,1909f56bfc062723c751e8b465ee728b)  -> (artifact id: '649b2745f70ba2e33d32b5071bed2534') in 0.011250 seconds
  Import took 0.015270 seconds .

========================================================================
Received Prepare
Registering precompiled user dll's ...
Registered in 0.002061 seconds.
Begin MonoManager ReloadAssembly
Native extension for WindowsStandalone target not found
Native extension for WebGL target not found
Refreshing native plugins compatible for Editor in 0.59 ms, found 1 plugins.
Preloading 0 native plugins for Editor in 0.00 ms.
Mono: successfully reloaded assembly
- Completed reload, in  1.172 seconds
Platform modules already initialized, skipping
Refreshing native plugins compatible for Editor in 0.40 ms, found 1 plugins.
Preloading 0 native plugins for Editor in 0.00 ms.
Unloading 1806 Unused Serialized files (Serialized files now loaded: 0)
System memory in use before: 85.1 MB.
System memory in use after: 85.1 MB.

Unloading 12 unused Assets to reduce memory usage. Loaded Objects now: 2302.
Total: 2.879500 ms (FindLiveObjects: 0.266300 ms CreateObjectMapping: 0.068800 ms MarkObjects: 2.410300 ms  DeleteObjects: 0.132500 ms)

========================================================================
Received Import Request.
  Time since last request: 67.250882 seconds.
  path: Assets/Script/OutputText.cs
  artifactKey: Guid(23568c993eb611f4184c0fee2154bbf9) Importer(815301076,1909f56bfc062723c751e8b465ee728b)
Start importing Assets/Script/OutputText.cs using Guid(23568c993eb611f4184c0fee2154bbf9) Importer(815301076,1909f56bfc062723c751e8b465ee728b)  -> (artifact id: '9395c5a58a02dd04a435d249edc73b29') in 0.015481 seconds
  Import took 0.020748 seconds .

========================================================================
Received Import Request.
  Time since last request: 0.046664 seconds.
  path: Assets/Script/OutputText.cs
  artifactKey: Guid(23568c993eb611f4184c0fee2154bbf9) Importer(815301076,1909f56bfc062723c751e8b465ee728b)
Start importing Assets/Script/OutputText.cs using Guid(23568c993eb611f4184c0fee2154bbf9) Importer(815301076,1909f56bfc062723c751e8b465ee728b)  -> (artifact id: '9395c5a58a02dd04a435d249edc73b29') in 0.005835 seconds
  Import took 0.009739 seconds .

========================================================================
Received Prepare
Registering precompiled user dll's ...
Registered in 0.001421 seconds.
Begin MonoManager ReloadAssembly
Native extension for WindowsStandalone target not found
Native extension for WebGL target not found
Refreshing native plugins compatible for Editor in 0.40 ms, found 1 plugins.
Preloading 0 native plugins for Editor in 0.00 ms.
Mono: successfully reloaded assembly
- Completed reload, in  1.254 seconds
Platform modules already initialized, skipping
Refreshing native plugins compatible for Editor in 0.72 ms, found 1 plugins.
Preloading 0 native plugins for Editor in 0.00 ms.
Unloading 1806 Unused Serialized files (Serialized files now loaded: 0)
System memory in use before: 85.1 MB.
System memory in use after: 85.1 MB.

Unloading 12 unused Assets to reduce memory usage. Loaded Objects now: 2306.
Total: 3.355200 ms (FindLiveObjects: 0.296200 ms CreateObjectMapping: 0.056600 ms MarkObjects: 2.779800 ms  DeleteObjects: 0.219800 ms)

========================================================================
Received Prepare
Registering precompiled user dll's ...
Registered in 0.001702 seconds.
Begin MonoManager ReloadAssembly
Native extension for WindowsStandalone target not found
Native extension for WebGL target not found
Refreshing native plugins compatible for Editor in 0.44 ms, found 1 plugins.
Preloading 0 native plugins for Editor in 0.00 ms.
Mono: successfully reloaded assembly
- Completed reload, in  1.208 seconds
Platform modules already initialized, skipping
Refreshing native plugins compatible for Editor in 0.56 ms, found 1 plugins.
Preloading 0 native plugins for Editor in 0.00 ms.
Unloading 1806 Unused Serialized files (Serialized files now loaded: 0)
System memory in use before: 85.1 MB.
System memory in use after: 85.1 MB.

Unloading 12 unused Assets to reduce memory usage. Loaded Objects now: 2310.
Total: 2.901200 ms (FindLiveObjects: 0.267300 ms CreateObjectMapping: 0.053500 ms MarkObjects: 2.449500 ms  DeleteObjects: 0.129300 ms)

========================================================================
Received Import Request.
  Time since last request: 178.611442 seconds.
  path: Assets/Script/OutputText.cs
  artifactKey: Guid(23568c993eb611f4184c0fee2154bbf9) Importer(815301076,1909f56bfc062723c751e8b465ee728b)
Start importing Assets/Script/OutputText.cs using Guid(23568c993eb611f4184c0fee2154bbf9) Importer(815301076,1909f56bfc062723c751e8b465ee728b)  -> (artifact id: 'da78f589f4032feebc69276cbd03a18d') in 0.007938 seconds
  Import took 0.011204 seconds .

========================================================================
Received Prepare
Registering precompiled user dll's ...
Registered in 0.001797 seconds.
Begin MonoManager ReloadAssembly
Native extension for WindowsStandalone target not found
Native extension for WebGL target not found
Refreshing native plugins compatible for Editor in 0.57 ms, found 1 plugins.
Preloading 0 native plugins for Editor in 0.00 ms.
Mono: successfully reloaded assembly
- Completed reload, in  1.326 seconds
Platform modules already initialized, skipping
Refreshing native plugins compatible for Editor in 0.40 ms, found 1 plugins.
Preloading 0 native plugins for Editor in 0.00 ms.
Unloading 1806 Unused Serialized files (Serialized files now loaded: 0)
System memory in use before: 85.1 MB.
System memory in use after: 85.1 MB.

Unloading 12 unused Assets to reduce memory usage. Loaded Objects now: 2314.
Total: 2.781800 ms (FindLiveObjects: 0.310400 ms CreateObjectMapping: 0.067100 ms MarkObjects: 2.271200 ms  DeleteObjects: 0.131800 ms)

========================================================================
Received Import Request.
  Time since last request: 15.191427 seconds.
  path: Assets/Script/OutputText.cs
  artifactKey: Guid(23568c993eb611f4184c0fee2154bbf9) Importer(815301076,1909f56bfc062723c751e8b465ee728b)
Start importing Assets/Script/OutputText.cs using Guid(23568c993eb611f4184c0fee2154bbf9) Importer(815301076,1909f56bfc062723c751e8b465ee728b)  -> (artifact id: '507ab9b374a6834c27005548e7eccfcb') in 0.011140 seconds
  Import took 0.016580 seconds .

========================================================================
Received Prepare
Registering precompiled user dll's ...
Registered in 0.001336 seconds.
Begin MonoManager ReloadAssembly
Native extension for WindowsStandalone target not found
Native extension for WebGL target not found
Refreshing native plugins compatible for Editor in 0.67 ms, found 1 plugins.
Preloading 0 native plugins for Editor in 0.00 ms.
Mono: successfully reloaded assembly
- Completed reload, in  1.265 seconds
Platform modules already initialized, skipping
Refreshing native plugins compatible for Editor in 0.61 ms, found 1 plugins.
Preloading 0 native plugins for Editor in 0.00 ms.
Unloading 1806 Unused Serialized files (Serialized files now loaded: 0)
System memory in use before: 85.1 MB.
System memory in use after: 85.1 MB.

Unloading 12 unused Assets to reduce memory usage. Loaded Objects now: 2318.
Total: 4.498200 ms (FindLiveObjects: 0.653500 ms CreateObjectMapping: 0.254200 ms MarkObjects: 3.429700 ms  DeleteObjects: 0.158600 ms)

========================================================================
Received Import Request.
  Time since last request: 43.086661 seconds.
  path: Assets/Script/OutputText.cs
  artifactKey: Guid(23568c993eb611f4184c0fee2154bbf9) Importer(815301076,1909f56bfc062723c751e8b465ee728b)
Start importing Assets/Script/OutputText.cs using Guid(23568c993eb611f4184c0fee2154bbf9) Importer(815301076,1909f56bfc062723c751e8b465ee728b)  -> (artifact id: '00000000000000000000000000000000') in 0.001734 seconds
  ERROR: Build asset version error: assets/script/outputtext.cs in SourceAssetDB has modification time of '2021-05-30T01:56:42.4456962Z' while content on disk has modification time of '2021-05-30T01:56:47.9014755Z'
  Import took 0.005155 seconds .

========================================================================
Received Import Request.
  Time since last request: 0.018704 seconds.
  path: Assets/Script/OutputText.cs
  artifactKey: Guid(23568c993eb611f4184c0fee2154bbf9) Importer(815301076,1909f56bfc062723c751e8b465ee728b)
Start importing Assets/Script/OutputText.cs using Guid(23568c993eb611f4184c0fee2154bbf9) Importer(815301076,1909f56bfc062723c751e8b465ee728b)  -> (artifact id: '00000000000000000000000000000000') in 0.000511 seconds
  ERROR: Build asset version error: assets/script/outputtext.cs in SourceAssetDB has modification time of '2021-05-30T01:56:42.4456962Z' while content on disk has modification time of '2021-05-30T01:56:47.9014755Z'
  Import took 0.004352 seconds .

========================================================================
Received Import Request.
  Time since last request: 0.032595 seconds.
  path: Assets/Script/OutputText.cs
  artifactKey: Guid(23568c993eb611f4184c0fee2154bbf9) Importer(815301076,1909f56bfc062723c751e8b465ee728b)
Start importing Assets/Script/OutputText.cs using Guid(23568c993eb611f4184c0fee2154bbf9) Importer(815301076,1909f56bfc062723c751e8b465ee728b)  -> (artifact id: '00000000000000000000000000000000') in 0.000670 seconds
  ERROR: Build asset version error: assets/script/outputtext.cs in SourceAssetDB has modification time of '2021-05-30T01:56:42.4456962Z' while content on disk has modification time of '2021-05-30T01:56:47.9014755Z'
  Import took 0.004845 seconds .

========================================================================
Received Prepare
Registering precompiled user dll's ...
Registered in 0.001176 seconds.
Begin MonoManager ReloadAssembly
Native extension for WindowsStandalone target not found
Native extension for WebGL target not found
Refreshing native plugins compatible for Editor in 0.44 ms, found 1 plugins.
Preloading 0 native plugins for Editor in 0.00 ms.
Mono: successfully reloaded assembly
- Completed reload, in  1.263 seconds
Platform modules already initialized, skipping
Refreshing native plugins compatible for Editor in 0.47 ms, found 1 plugins.
Preloading 0 native plugins for Editor in 0.00 ms.
Unloading 1806 Unused Serialized files (Serialized files now loaded: 0)
System memory in use before: 85.1 MB.
System memory in use after: 85.1 MB.

Unloading 12 unused Assets to reduce memory usage. Loaded Objects now: 2322.
Total: 3.369800 ms (FindLiveObjects: 0.252400 ms CreateObjectMapping: 0.053500 ms MarkObjects: 2.879300 ms  DeleteObjects: 0.182600 ms)

========================================================================
Received Import Request.
  Time since last request: 7.980205 seconds.
  path: Assets/Script/OutputText.cs
  artifactKey: Guid(23568c993eb611f4184c0fee2154bbf9) Importer(815301076,1909f56bfc062723c751e8b465ee728b)
Start importing Assets/Script/OutputText.cs using Guid(23568c993eb611f4184c0fee2154bbf9) Importer(815301076,1909f56bfc062723c751e8b465ee728b)  -> (artifact id: '20027774eb96b23830bc1ff502194eb3') in 0.019016 seconds
  Import took 0.024642 seconds .

========================================================================
Received Import Request.
  Time since last request: 0.046418 seconds.
  path: Assets/Script/OutputText.cs
  artifactKey: Guid(23568c993eb611f4184c0fee2154bbf9) Importer(815301076,1909f56bfc062723c751e8b465ee728b)
Start importing Assets/Script/OutputText.cs using Guid(23568c993eb611f4184c0fee2154bbf9) Importer(815301076,1909f56bfc062723c751e8b465ee728b)  -> (artifact id: '20027774eb96b23830bc1ff502194eb3') in 0.006106 seconds
  Import took 0.011844 seconds .

========================================================================
Received Prepare
Registering precompiled user dll's ...
Registered in 0.001642 seconds.
Begin MonoManager ReloadAssembly
Native extension for WindowsStandalone target not found
Native extension for WebGL target not found
Refreshing native plugins compatible for Editor in 0.43 ms, found 1 plugins.
Preloading 0 native plugins for Editor in 0.00 ms.
Mono: successfully reloaded assembly
- Completed reload, in  1.115 seconds
Platform modules already initialized, skipping
Refreshing native plugins compatible for Editor in 0.50 ms, found 1 plugins.
Preloading 0 native plugins for Editor in 0.00 ms.
Unloading 1806 Unused Serialized files (Serialized files now loaded: 0)
System memory in use before: 85.2 MB.
System memory in use after: 85.1 MB.

Unloading 12 unused Assets to reduce memory usage. Loaded Objects now: 2326.
Total: 2.377900 ms (FindLiveObjects: 0.237200 ms CreateObjectMapping: 0.044900 ms MarkObjects: 1.959000 ms  DeleteObjects: 0.134600 ms)

========================================================================
Received Prepare
Registering precompiled user dll's ...
Registered in 0.001387 seconds.
Begin MonoManager ReloadAssembly
Native extension for WindowsStandalone target not found
Native extension for WebGL target not found
Refreshing native plugins compatible for Editor in 1.16 ms, found 1 plugins.
Preloading 0 native plugins for Editor in 0.00 ms.
Mono: successfully reloaded assembly
- Completed reload, in  1.257 seconds
Platform modules already initialized, skipping
Refreshing native plugins compatible for Editor in 0.41 ms, found 1 plugins.
Preloading 0 native plugins for Editor in 0.00 ms.
Unloading 1806 Unused Serialized files (Serialized files now loaded: 0)
System memory in use before: 85.2 MB.
System memory in use after: 85.1 MB.

Unloading 12 unused Assets to reduce memory usage. Loaded Objects now: 2330.
Total: 3.245100 ms (FindLiveObjects: 0.258200 ms CreateObjectMapping: 0.056800 ms MarkObjects: 2.785200 ms  DeleteObjects: 0.143300 ms)

========================================================================
Received Import Request.
  Time since last request: 2022.733709 seconds.
  path: Assets/Script/OutputText.cs
  artifactKey: Guid(23568c993eb611f4184c0fee2154bbf9) Importer(815301076,1909f56bfc062723c751e8b465ee728b)
Start importing Assets/Script/OutputText.cs using Guid(23568c993eb611f4184c0fee2154bbf9) Importer(815301076,1909f56bfc062723c751e8b465ee728b)  -> (artifact id: '89466c5171e911d9feefa8989da1ee0c') in 0.009113 seconds
  Import took 0.013848 seconds .

========================================================================
Received Prepare
Registering precompiled user dll's ...
Registered in 0.002573 seconds.
Begin MonoManager ReloadAssembly
Native extension for WindowsStandalone target not found
Native extension for WebGL target not found
Refreshing native plugins compatible for Editor in 0.59 ms, found 1 plugins.
Preloading 0 native plugins for Editor in 0.00 ms.
Mono: successfully reloaded assembly
- Completed reload, in  1.274 seconds
Platform modules already initialized, skipping
Refreshing native plugins compatible for Editor in 0.47 ms, found 1 plugins.
Preloading 0 native plugins for Editor in 0.00 ms.
Unloading 1806 Unused Serialized files (Serialized files now loaded: 0)
System memory in use before: 85.2 MB.
System memory in use after: 85.2 MB.

Unloading 12 unused Assets to reduce memory usage. Loaded Objects now: 2334.
Total: 4.174300 ms (FindLiveObjects: 0.517100 ms CreateObjectMapping: 0.138200 ms MarkObjects: 3.338300 ms  DeleteObjects: 0.177400 ms)

========================================================================
Received Import Request.
  Time since last request: 207.833820 seconds.
  path: Assets/Script/OutputText.cs
  artifactKey: Guid(23568c993eb611f4184c0fee2154bbf9) Importer(815301076,1909f56bfc062723c751e8b465ee728b)
Start importing Assets/Script/OutputText.cs using Guid(23568c993eb611f4184c0fee2154bbf9) Importer(815301076,1909f56bfc062723c751e8b465ee728b)  -> (artifact id: '8119d4e6d97b98059a9bb54b290c5179') in 0.014644 seconds
  Import took 0.018248 seconds .

========================================================================
Received Prepare
Registering precompiled user dll's ...
Registered in 0.002018 seconds.
Begin MonoManager ReloadAssembly
Native extension for WindowsStandalone target not found
Native extension for WebGL target not found
Refreshing native plugins compatible for Editor in 0.90 ms, found 1 plugins.
Preloading 0 native plugins for Editor in 0.00 ms.
Mono: successfully reloaded assembly
- Completed reload, in  1.463 seconds
Platform modules already initialized, skipping
Refreshing native plugins compatible for Editor in 0.69 ms, found 1 plugins.
Preloading 0 native plugins for Editor in 0.00 ms.
Unloading 1806 Unused Serialized files (Serialized files now loaded: 0)
System memory in use before: 85.2 MB.
System memory in use after: 85.2 MB.

Unloading 12 unused Assets to reduce memory usage. Loaded Objects now: 2338.
Total: 3.015700 ms (FindLiveObjects: 0.342200 ms CreateObjectMapping: 0.114100 ms MarkObjects: 2.322900 ms  DeleteObjects: 0.234200 ms)

========================================================================
Received Import Request.
  Time since last request: 86.733935 seconds.
  path: Assets/Script/OutputText.cs
  artifactKey: Guid(23568c993eb611f4184c0fee2154bbf9) Importer(815301076,1909f56bfc062723c751e8b465ee728b)
Start importing Assets/Script/OutputText.cs using Guid(23568c993eb611f4184c0fee2154bbf9) Importer(815301076,1909f56bfc062723c751e8b465ee728b)  -> (artifact id: '7280d8e38265ef1210fcba7efcef79d6') in 0.018883 seconds
  Import took 0.025995 seconds .

========================================================================
Received Prepare
Registering precompiled user dll's ...
Registered in 0.001037 seconds.
Begin MonoManager ReloadAssembly
Native extension for WindowsStandalone target not found
Native extension for WebGL target not found
Refreshing native plugins compatible for Editor in 0.38 ms, found 1 plugins.
Preloading 0 native plugins for Editor in 0.00 ms.
Mono: successfully reloaded assembly
- Completed reload, in  1.126 seconds
Platform modules already initialized, skipping
Refreshing native plugins compatible for Editor in 0.69 ms, found 1 plugins.
Preloading 0 native plugins for Editor in 0.00 ms.
Unloading 1806 Unused Serialized files (Serialized files now loaded: 0)
System memory in use before: 85.2 MB.
System memory in use after: 85.2 MB.

Unloading 12 unused Assets to reduce memory usage. Loaded Objects now: 2342.
Total: 2.690200 ms (FindLiveObjects: 0.257100 ms CreateObjectMapping: 0.059400 ms MarkObjects: 2.236300 ms  DeleteObjects: 0.136000 ms)

AssetImportWorkerClient::OnTransportError - code=10054 error=既存の接続はリモート ホストに強制的に切断されました。
